# JRE version: Java(TM) SE Runtime Environment (8.0_144-b01) (build 1.8.0_144-b01)
# Java VM: Java HotSpot(TM) 64-Bit Server VM (25.144-b01 mixed mode windows-amd64 compressed oops)
Heap:
 PSYoungGen      total 34304K, used 14084K [0x00000000d6700000, 0x00000000da880000, 0x0000000100000000)
  eden space 29184K, 35% used [0x00000000d6700000,0x00000000d71304a0,0x00000000d8380000)
  from space 5120K, 71% used [0x00000000d8c00000,0x00000000d8f90f18,0x00000000d9100000)
  to   space 8704K, 0% used [0x00000000d8380000,0x00000000d8380000,0x00000000d8c00000)
 ParOldGen       total 55808K, used 5669K [0x0000000083400000, 0x0000000086a80000, 0x00000000d6700000)
  object space 55808K, 10% used [0x0000000083400000,0x0000000083989420,0x0000000086a80000)
 Metaspace       used 24051K, capacity 24954K, committed 25136K, reserved 1071104K
  class space    used 3124K, capacity 3342K, committed 3376K, reserved 1048576K
GC Heap History (10 events):
Event: 1.348 GC heap before
{Heap before GC invocations=3 (full 0):
 PSYoungGen      total 37888K, used 37883K [0x00000000d6700000, 0x00000000d9100000, 0x0000000100000000)
  eden space 32768K, 100% used [0x00000000d6700000,0x00000000d8700000,0x00000000d8700000)
  from space 5120K, 99% used [0x00000000d8c00000,0x00000000d90fef28,0x00000000d9100000)
  to   space 5120K, 0% used [0x00000000d8700000,0x00000000d8700000,0x00000000d8c00000)
 ParOldGen       total 86016K, used 361K [0x0000000083400000, 0x0000000088800000, 0x00000000d6700000)
  object space 86016K, 0% used [0x0000000083400000,0x000000008345a760,0x0000000088800000)
 Metaspace       used 14557K, capacity 14918K, committed 15104K, reserved 1062912K
  class space    used 1864K, capacity 1976K, committed 2048K, reserved 1048576K
Event: 1.353 GC heap after
Heap after GC invocations=3 (full 0):
 PSYoungGen      total 37888K, used 5100K [0x00000000d6700000, 0x00000000d9100000, 0x0000000100000000)
  eden space 32768K, 0% used [0x00000000d6700000,0x00000000d6700000,0x00000000d8700000)
  from space 5120K, 99% used [0x00000000d8700000,0x00000000d8bfb340,0x00000000d8c00000)
  to   space 5120K, 0% used [0x00000000d8c00000,0x00000000d8c00000,0x00000000d9100000)
 ParOldGen       total 86016K, used 626K [0x0000000083400000, 0x0000000088800000, 0x00000000d6700000)
  object space 86016K, 0% used [0x0000000083400000,0x000000008349cb98,0x0000000088800000)
 Metaspace       used 14557K, capacity 14918K, committed 15104K, reserved 1062912K
  class space    used 1864K, capacity 1976K, committed 2048K, reserved 1048576K
}
Event: 1.704 GC heap before
{Heap before GC invocations=4 (full 0):
 PSYoungGen      total 37888K, used 37868K [0x00000000d6700000, 0x00000000d9100000, 0x0000000100000000)
  eden space 32768K, 100% used [0x00000000d6700000,0x00000000d8700000,0x00000000d8700000)
  from space 5120K, 99% used [0x00000000d8700000,0x00000000d8bfb340,0x00000000d8c00000)
  to   space 5120K, 0% used [0x00000000d8c00000,0x00000000d8c00000,0x00000000d9100000)
 ParOldGen       total 86016K, used 626K [0x0000000083400000, 0x0000000088800000, 0x00000000d6700000)
  object space 86016K, 0% used [0x0000000083400000,0x000000008349cb98,0x0000000088800000)
 Metaspace       used 19290K, capacity 19924K, committed 20096K, reserved 1067008K
  class space    used 2477K, capacity 2639K, committed 2688K, reserved 1048576K
Event: 1.712 GC heap after
Heap after GC invocations=4 (full 0):
 PSYoungGen      total 37888K, used 5110K [0x00000000d6700000, 0x00000000d9100000, 0x0000000100000000)
  eden space 32768K, 0% used [0x00000000d6700000,0x00000000d6700000,0x00000000d8700000)
  from space 5120K, 99% used [0x00000000d8c00000,0x00000000d90fd8e0,0x00000000d9100000)
  to   space 5120K, 0% used [0x00000000d8700000,0x00000000d8700000,0x00000000d8c00000)
 ParOldGen       total 86016K, used 4330K [0x0000000083400000, 0x0000000088800000, 0x00000000d6700000)
  object space 86016K, 5% used [0x0000000083400000,0x000000008383aa28,0x0000000088800000)
 Metaspace       used 19290K, capacity 19924K, committed 20096K, reserved 1067008K
  class space    used 2477K, capacity 2639K, committed 2688K, reserved 1048576K
}
Event: 1.855 GC heap before
{Heap before GC invocations=5 (full 0):
 PSYoungGen      total 37888K, used 16318K [0x00000000d6700000, 0x00000000d9100000, 0x0000000100000000)
  eden space 32768K, 34% used [0x00000000d6700000,0x00000000d71f1f88,0x00000000d8700000)
  from space 5120K, 99% used [0x00000000d8c00000,0x00000000d90fd8e0,0x00000000d9100000)
  to   space 5120K, 0% used [0x00000000d8700000,0x00000000d8700000,0x00000000d8c00000)
 ParOldGen       total 86016K, used 4330K [0x0000000083400000, 0x0000000088800000, 0x00000000d6700000)
  object space 86016K, 5% used [0x0000000083400000,0x000000008383aa28,0x0000000088800000)
 Metaspace       used 20604K, capacity 21224K, committed 21296K, reserved 1067008K
  class space    used 2682K, capacity 2855K, committed 2864K, reserved 1048576K
Event: 1.860 GC heap after
Heap after GC invocations=5 (full 0):
 PSYoungGen      total 37888K, used 5098K [0x00000000d6700000, 0x00000000d9100000, 0x0000000100000000)
  eden space 32768K, 0% used [0x00000000d6700000,0x00000000d6700000,0x00000000d8700000)
  from space 5120K, 99% used [0x00000000d8700000,0x00000000d8bfab68,0x00000000d8c00000)
  to   space 5120K, 0% used [0x00000000d8c00000,0x00000000d8c00000,0x00000000d9100000)
 ParOldGen       total 86016K, used 5070K [0x0000000083400000, 0x0000000088800000, 0x00000000d6700000)
  object space 86016K, 5% used [0x0000000083400000,0x00000000838f3ae8,0x0000000088800000)
 Metaspace       used 20604K, capacity 21224K, committed 21296K, reserved 1067008K
  class space    used 2682K, capacity 2855K, committed 2864K, reserved 1048576K
}
Event: 1.860 GC heap before
{Heap before GC invocations=6 (full 1):
 PSYoungGen      total 37888K, used 5098K [0x00000000d6700000, 0x00000000d9100000, 0x0000000100000000)
  eden space 32768K, 0% used [0x00000000d6700000,0x00000000d6700000,0x00000000d8700000)
  from space 5120K, 99% used [0x00000000d8700000,0x00000000d8bfab68,0x00000000d8c00000)
  to   space 5120K, 0% used [0x00000000d8c00000,0x00000000d8c00000,0x00000000d9100000)
 ParOldGen       total 86016K, used 5070K [0x0000000083400000, 0x0000000088800000, 0x00000000d6700000)
  object space 86016K, 5% used [0x0000000083400000,0x00000000838f3ae8,0x0000000088800000)
 Metaspace       used 20604K, capacity 21224K, committed 21296K, reserved 1067008K
  class space    used 2682K, capacity 2855K, committed 2864K, reserved 1048576K
Event: 1.889 GC heap after
Heap after GC invocations=6 (full 1):
 PSYoungGen      total 37888K, used 0K [0x00000000d6700000, 0x00000000d9100000, 0x0000000100000000)
  eden space 32768K, 0% used [0x00000000d6700000,0x00000000d6700000,0x00000000d8700000)
  from space 5120K, 0% used [0x00000000d8700000,0x00000000d8700000,0x00000000d8c00000)
  to   space 5120K, 0% used [0x00000000d8c00000,0x00000000d8c00000,0x00000000d9100000)
 ParOldGen       total 55808K, used 5661K [0x0000000083400000, 0x0000000086a80000, 0x00000000d6700000)
  object space 55808K, 10% used [0x0000000083400000,0x0000000083987420,0x0000000086a80000)
 Metaspace       used 20602K, capacity 21218K, committed 21296K, reserved 1067008K
  class space    used 2681K, capacity 2854K, committed 2864K, reserved 1048576K
}
Event: 2.942 GC heap before
{Heap before GC invocations=7 (full 1):
 PSYoungGen      total 37888K, used 32768K [0x00000000d6700000, 0x00000000d9100000, 0x0000000100000000)
  eden space 32768K, 100% used [0x00000000d6700000,0x00000000d8700000,0x00000000d8700000)
  from space 5120K, 0% used [0x00000000d8700000,0x00000000d8700000,0x00000000d8c00000)
  to   space 5120K, 0% used [0x00000000d8c00000,0x00000000d8c00000,0x00000000d9100000)
 ParOldGen       total 55808K, used 5661K [0x0000000083400000, 0x0000000086a80000, 0x00000000d6700000)
  object space 55808K, 10% used [0x0000000083400000,0x0000000083987420,0x0000000086a80000)
 Metaspace       used 23529K, capacity 24434K, committed 24624K, reserved 1071104K
  class space    used 3073K, capacity 3302K, committed 3376K, reserved 1048576K
Event: 2.945 GC heap after
Heap after GC invocations=7 (full 1):
 PSYoungGen      total 34304K, used 3651K [0x00000000d6700000, 0x00000000da880000, 0x0000000100000000)
  eden space 29184K, 0% used [0x00000000d6700000,0x00000000d6700000,0x00000000d8380000)
  from space 5120K, 71% used [0x00000000d8c00000,0x00000000d8f90f18,0x00000000d9100000)
  to   space 8704K, 0% used [0x00000000d8380000,0x00000000d8380000,0x00000000d8c00000)
 ParOldGen       total 55808K, used 5669K [0x0000000083400000, 0x0000000086a80000, 0x00000000d6700000)
  object space 55808K, 10% used [0x0000000083400000,0x0000000083989420,0x0000000086a80000)
 Metaspace       used 23529K, capacity 24434K, committed 24624K, reserved 1071104K
  class space    used 3073K, capacity 3302K, committed 3376K, reserved 1048576K
}

